<?xml version="1.0" encoding="UTF-8"?>
<!DOCTYPE coverage SYSTEM "http://cobertura.sourceforge.net/xml/coverage-04.dtd">
<coverage line-rate="0.52056277" branch-rate="0" lines-covered="481" lines-valid="924" branches-covered="0" branches-valid="0" complexity="0" version="" timestamp="1558362247958">
	<packages>
		<package name="gitlab-edge.eng.hitachivantara.com/pandora/services/store-forward/internal/store-forward/config" line-rate="0.12244898" branch-rate="0" complexity="0" line-count="98" line-hits="12">
			<classes>
				<class name="-" filename="../../internal/store-forward/config/config.go" line-rate="0" branch-rate="0" complexity="0" line-count="86" line-hits="0">
					<methods>
						<method name="LoadConfig" signature="" line-rate="0" branch-rate="0" complexity="0" line-count="0" line-hits="0">
							<lines>
								<line number="27" hits="0"></line>
								<line number="28" hits="0"></line>
								<line number="29" hits="0"></line>
								<line number="33" hits="0"></line>
								<line number="34" hits="0"></line>
								<line number="35" hits="0"></line>
								<line number="36" hits="0"></line>
								<line number="39" hits="0"></line>
								<line number="41" hits="0"></line>
							</lines>
						</method>
						<method name="loadEnv" signature="" line-rate="0" branch-rate="0" complexity="0" line-count="0" line-hits="0">
							<lines>
								<line number="47" hits="0"></line>
								<line number="48" hits="0"></line>
								<line number="49" hits="0"></line>
								<line number="50" hits="0"></line>
								<line number="51" hits="0"></line>
								<line number="52" hits="0"></line>
								<line number="53" hits="0"></line>
								<line number="54" hits="0"></line>
								<line number="55" hits="0"></line>
								<line number="56" hits="0"></line>
								<line number="57" hits="0"></line>
								<line number="58" hits="0"></line>
								<line number="59" hits="0"></line>
							</lines>
						</method>
						<method name="getEnvStr" signature="" line-rate="0" branch-rate="0" complexity="0" line-count="0" line-hits="0">
							<lines>
								<line number="65" hits="0"></line>
								<line number="66" hits="0"></line>
								<line number="67" hits="0"></line>
								<line number="69" hits="0"></line>
							</lines>
						</method>
						<method name="getEnvInt" signature="" line-rate="0" branch-rate="0" complexity="0" line-count="0" line-hits="0">
							<lines>
								<line number="75" hits="0"></line>
								<line number="76" hits="0"></line>
								<line number="77" hits="0"></line>
								<line number="79" hits="0"></line>
								<line number="80" hits="0"></line>
								<line number="81" hits="0"></line>
								<line number="82" hits="0"></line>
								<line number="84" hits="0"></line>
							</lines>
						</method>
						<method name="DetermineConfigFile" signature="" line-rate="0" branch-rate="0" complexity="0" line-count="0" line-hits="0">
							<lines>
								<line number="88" hits="0"></line>
								<line number="90" hits="0"></line>
								<line number="92" hits="0"></line>
								<line number="94" hits="0"></line>
								<line number="96" hits="0"></line>
							</lines>
						</method>
						<method name="RetrieveConfigFile" signature="" line-rate="0" branch-rate="0" complexity="0" line-count="0" line-hits="0">
							<lines>
								<line number="101" hits="0"></line>
								<line number="102" hits="0"></line>
								<line number="103" hits="0"></line>
								<line number="106" hits="0"></line>
								<line number="107" hits="0"></line>
								<line number="108" hits="0"></line>
								<line number="111" hits="0"></line>
								<line number="112" hits="0"></line>
								<line number="113" hits="0"></line>
								<line number="116" hits="0"></line>
							</lines>
						</method>
						<method name="CreateProfiles" signature="" line-rate="0" branch-rate="0" complexity="0" line-count="0" line-hits="0">
							<lines>
								<line number="120" hits="0"></line>
								<line number="121" hits="0"></line>
								<line number="122" hits="0"></line>
								<line number="123" hits="0"></line>
								<line number="124" hits="0"></line>
								<line number="126" hits="0"></line>
								<line number="128" hits="0"></line>
								<line number="131" hits="0"></line>
								<line number="132" hits="0"></line>
								<line number="133" hits="0"></line>
								<line number="134" hits="0"></line>
								<line number="136" hits="0"></line>
								<line number="138" hits="0"></line>
								<line number="141" hits="0"></line>
								<line number="143" hits="0"></line>
								<line number="144" hits="0"></line>
								<line number="145" hits="0"></line>
								<line number="147" hits="0"></line>
								<line number="150" hits="0"></line>
								<line number="151" hits="0"></line>
								<line number="152" hits="0"></line>
								<line number="154" hits="0"></line>
								<line number="155" hits="0"></line>
								<line number="156" hits="0"></line>
								<line number="158" hits="0"></line>
								<line number="161" hits="0"></line>
								<line number="162" hits="0"></line>
								<line number="163" hits="0"></line>
								<line number="165" hits="0"></line>
								<line number="166" hits="0"></line>
								<line number="167" hits="0"></line>
								<line number="169" hits="0"></line>
								<line number="172" hits="0"></line>
								<line number="173" hits="0"></line>
								<line number="174" hits="0"></line>
								<line number="177" hits="0"></line>
								<line number="182" hits="0"></line>
							</lines>
						</method>
					</methods>
					<lines>
						<line number="27" hits="0"></line>
						<line number="28" hits="0"></line>
						<line number="29" hits="0"></line>
						<line number="33" hits="0"></line>
						<line number="34" hits="0"></line>
						<line number="35" hits="0"></line>
						<line number="36" hits="0"></line>
						<line number="39" hits="0"></line>
						<line number="41" hits="0"></line>
						<line number="47" hits="0"></line>
						<line number="48" hits="0"></line>
						<line number="49" hits="0"></line>
						<line number="50" hits="0"></line>
						<line number="51" hits="0"></line>
						<line number="52" hits="0"></line>
						<line number="53" hits="0"></line>
						<line number="54" hits="0"></line>
						<line number="55" hits="0"></line>
						<line number="56" hits="0"></line>
						<line number="57" hits="0"></line>
						<line number="58" hits="0"></line>
						<line number="59" hits="0"></line>
						<line number="65" hits="0"></line>
						<line number="66" hits="0"></line>
						<line number="67" hits="0"></line>
						<line number="69" hits="0"></line>
						<line number="75" hits="0"></line>
						<line number="76" hits="0"></line>
						<line number="77" hits="0"></line>
						<line number="79" hits="0"></line>
						<line number="80" hits="0"></line>
						<line number="81" hits="0"></line>
						<line number="82" hits="0"></line>
						<line number="84" hits="0"></line>
						<line number="88" hits="0"></line>
						<line number="90" hits="0"></line>
						<line number="92" hits="0"></line>
						<line number="94" hits="0"></line>
						<line number="96" hits="0"></line>
						<line number="101" hits="0"></line>
						<line number="102" hits="0"></line>
						<line number="103" hits="0"></line>
						<line number="106" hits="0"></line>
						<line number="107" hits="0"></line>
						<line number="108" hits="0"></line>
						<line number="111" hits="0"></line>
						<line number="112" hits="0"></line>
						<line number="113" hits="0"></line>
						<line number="116" hits="0"></line>
						<line number="120" hits="0"></line>
						<line number="121" hits="0"></line>
						<line number="122" hits="0"></line>
						<line number="123" hits="0"></line>
						<line number="124" hits="0"></line>
						<line number="126" hits="0"></line>
						<line number="128" hits="0"></line>
						<line number="131" hits="0"></line>
						<line number="132" hits="0"></line>
						<line number="133" hits="0"></line>
						<line number="134" hits="0"></line>
						<line number="136" hits="0"></line>
						<line number="138" hits="0"></line>
						<line number="141" hits="0"></line>
						<line number="143" hits="0"></line>
						<line number="144" hits="0"></line>
						<line number="145" hits="0"></line>
						<line number="147" hits="0"></line>
						<line number="150" hits="0"></line>
						<line number="151" hits="0"></line>
						<line number="152" hits="0"></line>
						<line number="154" hits="0"></line>
						<line number="155" hits="0"></line>
						<line number="156" hits="0"></line>
						<line number="158" hits="0"></line>
						<line number="161" hits="0"></line>
						<line number="162" hits="0"></line>
						<line number="163" hits="0"></line>
						<line number="165" hits="0"></line>
						<line number="166" hits="0"></line>
						<line number="167" hits="0"></line>
						<line number="169" hits="0"></line>
						<line number="172" hits="0"></line>
						<line number="173" hits="0"></line>
						<line number="174" hits="0"></line>
						<line number="177" hits="0"></line>
						<line number="182" hits="0"></line>
					</lines>
				</class>
				<class name="-" filename="../../internal/store-forward/config/service_config.go" line-rate="1" branch-rate="0" complexity="0" line-count="8" line-hits="8">
					<methods>
						<method name="NewConfigurator" signature="" line-rate="1" branch-rate="0" complexity="0" line-count="0" line-hits="0">
							<lines>
								<line number="27" hits="2"></line>
								<line number="29" hits="2"></line>
							</lines>
						</method>
						<method name="GetServiceConfiguration" signature="" line-rate="1" branch-rate="0" complexity="0" line-count="0" line-hits="0">
							<lines>
								<line number="43" hits="2"></line>
								<line number="44" hits="2"></line>
								<line number="46" hits="2"></line>
								<line number="47" hits="2"></line>
								<line number="48" hits="1"></line>
								<line number="51" hits="1"></line>
							</lines>
						</method>
					</methods>
					<lines>
						<line number="27" hits="2"></line>
						<line number="29" hits="2"></line>
						<line number="43" hits="2"></line>
						<line number="44" hits="2"></line>
						<line number="46" hits="2"></line>
						<line number="47" hits="2"></line>
						<line number="48" hits="1"></line>
						<line number="51" hits="1"></line>
					</lines>
				</class>
				<class name="Configurator" filename="../../internal/store-forward/config/service_config.go" line-rate="1" branch-rate="0" complexity="0" line-count="4" line-hits="4">
					<methods>
						<method name="UpdateConfig" signature="" line-rate="1" branch-rate="0" complexity="0" line-count="0" line-hits="0">
							<lines>
								<line number="35" hits="1"></line>
								<line number="36" hits="1"></line>
								<line number="37" hits="1"></line>
								<line number="38" hits="1"></line>
							</lines>
						</method>
					</methods>
					<lines>
						<line number="35" hits="1"></line>
						<line number="36" hits="1"></line>
						<line number="37" hits="1"></line>
						<line number="38" hits="1"></line>
					</lines>
				</class>
			</classes>
		</package>
		<package name="gitlab-edge.eng.hitachivantara.com/pandora/services/store-forward/internal/store-forward/handler" line-rate="0.75" branch-rate="0" complexity="0" line-count="452" line-hits="339">
			<classes>
				<class name="-" filename="../../internal/store-forward/handler/handler.go" line-rate="0.70689654" branch-rate="0" complexity="0" line-count="174" line-hits="123">
					<methods>
						<method name="init" signature="" line-rate="1" branch-rate="0" complexity="0" line-count="0" line-hits="0">
							<lines>
								<line number="82" hits="1"></line>
								<line number="83" hits="1"></line>
								<line number="84" hits="1"></line>
								<line number="85" hits="1"></line>
								<line number="86" hits="1"></line>
							</lines>
						</method>
						<method name="@205:8" signature="" line-rate="1" branch-rate="0" complexity="0" line-count="0" line-hits="0">
							<lines>
								<line number="206" hits="2"></line>
							</lines>
						</method>
						<method name="AddToRouteSpecIfNotExist" signature="" line-rate="1" branch-rate="0" complexity="0" line-count="0" line-hits="0">
							<lines>
								<line number="712" hits="5"></line>
								<line number="713" hits="5"></line>
								<line number="714" hits="1"></line>
								<line number="715" hits="1"></line>
								<line number="719" hits="5"></line>
								<line number="720" hits="4"></line>
								<line number="721" hits="4"></line>
								<line number="722" hits="4"></line>
								<line number="723" hits="4"></line>
							</lines>
						</method>
						<method name="InitRouteSpecList" signature="" line-rate="0.9722222" branch-rate="0" complexity="0" line-count="0" line-hits="0">
							<lines>
								<line number="729" hits="6"></line>
								<line number="730" hits="6"></line>
								<line number="732" hits="6"></line>
								<line number="735" hits="6"></line>
								<line number="736" hits="6"></line>
								<line number="737" hits="1"></line>
								<line number="738" hits="1"></line>
								<line number="740" hits="5"></line>
								<line number="741" hits="5"></line>
								<line number="742" hits="1"></line>
								<line number="743" hits="1"></line>
								<line number="747" hits="6"></line>
								<line number="753" hits="6"></line>
								<line number="754" hits="6"></line>
								<line number="755" hits="6"></line>
								<line number="756" hits="1"></line>
								<line number="757" hits="1"></line>
								<line number="758" hits="1"></line>
								<line number="761" hits="5"></line>
								<line number="762" hits="5"></line>
								<line number="763" hits="1"></line>
								<line number="764" hits="1"></line>
								<line number="765" hits="1"></line>
								<line number="768" hits="4"></line>
								<line number="770" hits="4"></line>
								<line number="771" hits="4"></line>
								<line number="772" hits="4"></line>
								<line number="773" hits="1"></line>
								<line number="774" hits="1"></line>
								<line number="777" hits="3"></line>
								<line number="779" hits="3"></line>
								<line number="785" hits="3"></line>
								<line number="787" hits="4"></line>
								<line number="788" hits="4"></line>
								<line number="789" hits="0"></line>
								<line number="792" hits="4"></line>
							</lines>
						</method>
						<method name="RouteScheduler" signature="" line-rate="0.6666667" branch-rate="0" complexity="0" line-count="0" line-hits="0">
							<lines>
								<line number="796" hits="2"></line>
								<line number="797" hits="2"></line>
								<line number="798" hits="1"></line>
								<line number="800" hits="1"></line>
								<line number="809" hits="1"></line>
								<line number="815" hits="1"></line>
								<line number="816" hits="1"></line>
								<line number="817" hits="1"></line>
								<line number="820" hits="1"></line>
								<line number="821" hits="1"></line>
								<line number="822" hits="1"></line>
								<line number="823" hits="1"></line>
								<line number="824" hits="1"></line>
								<line number="825" hits="0"></line>
								<line number="826" hits="0"></line>
								<line number="830" hits="1"></line>
								<line number="833" hits="2"></line>
								<line number="834" hits="2"></line>
								<line number="835" hits="2"></line>
								<line number="836" hits="1"></line>
								<line number="838" hits="1"></line>
								<line number="839" hits="1"></line>
								<line number="840" hits="1"></line>
								<line number="841" hits="1"></line>
								<line number="843" hits="1"></line>
								<line number="844" hits="1"></line>
								<line number="846" hits="1"></line>
								<line number="847" hits="1"></line>
								<line number="848" hits="0"></line>
								<line number="849" hits="0"></line>
								<line number="850" hits="0"></line>
								<line number="853" hits="1"></line>
								<line number="854" hits="1"></line>
								<line number="855" hits="1"></line>
								<line number="856" hits="1"></line>
								<line number="858" hits="1"></line>
								<line number="859" hits="1"></line>
								<line number="860" hits="0"></line>
								<line number="861" hits="0"></line>
								<line number="862" hits="0"></line>
								<line number="865" hits="1"></line>
								<line number="868" hits="1"></line>
								<line number="869" hits="1"></line>
								<line number="870" hits="0"></line>
								<line number="873" hits="1"></line>
								<line number="874" hits="0"></line>
								<line number="875" hits="0"></line>
								<line number="878" hits="1"></line>
								<line number="879" hits="1"></line>
								<line number="880" hits="0"></line>
								<line number="881" hits="0"></line>
								<line number="882" hits="0"></line>
								<line number="883" hits="0"></line>
								<line number="885" hits="1"></line>
								<line number="886" hits="1"></line>
								<line number="890" hits="1"></line>
								<line number="891" hits="0"></line>
								<line number="893" hits="1"></line>
								<line number="894" hits="1"></line>
								<line number="898" hits="1"></line>
								<line number="901" hits="0"></line>
								<line number="904" hits="1"></line>
								<line number="906" hits="1"></line>
								<line number="910" hits="1"></line>
								<line number="911" hits="1"></line>
								<line number="913" hits="1"></line>
								<line number="914" hits="1"></line>
								<line number="915" hits="0"></line>
								<line number="916" hits="0"></line>
								<line number="917" hits="0"></line>
								<line number="920" hits="1"></line>
								<line number="922" hits="0"></line>
								<line number="923" hits="0"></line>
								<line number="924" hits="0"></line>
								<line number="925" hits="0"></line>
								<line number="926" hits="0"></line>
								<line number="927" hits="0"></line>
								<line number="930" hits="1"></line>
								<line number="931" hits="0"></line>
								<line number="932" hits="0"></line>
								<line number="933" hits="0"></line>
								<line number="936" hits="1"></line>
								<line number="939" hits="1"></line>
								<line number="941" hits="1"></line>
								<line number="942" hits="1"></line>
								<line number="945" hits="1"></line>
								<line number="946" hits="1"></line>
								<line number="947" hits="1"></line>
								<line number="948" hits="1"></line>
								<line number="949" hits="0"></line>
							</lines>
						</method>
						<method name="MoveDataToDeadMessageQueue" signature="" line-rate="0.36666667" branch-rate="0" complexity="0" line-count="0" line-hits="0">
							<lines>
								<line number="958" hits="1"></line>
								<line number="959" hits="1"></line>
								<line number="960" hits="0"></line>
								<line number="961" hits="0"></line>
								<line number="965" hits="1"></line>
								<line number="966" hits="1"></line>
								<line number="967" hits="1"></line>
								<line number="968" hits="0"></line>
								<line number="969" hits="0"></line>
								<line number="972" hits="1"></line>
								<line number="974" hits="1"></line>
								<line number="975" hits="1"></line>
								<line number="976" hits="0"></line>
								<line number="977" hits="0"></line>
								<line number="978" hits="0"></line>
								<line number="981" hits="1"></line>
								<line number="983" hits="0"></line>
								<line number="984" hits="0"></line>
								<line number="985" hits="0"></line>
								<line number="986" hits="0"></line>
								<line number="987" hits="0"></line>
								<line number="989" hits="0"></line>
								<line number="991" hits="1"></line>
								<line number="992" hits="0"></line>
								<line number="993" hits="0"></line>
								<line number="994" hits="0"></line>
								<line number="995" hits="0"></line>
								<line number="996" hits="0"></line>
								<line number="1001" hits="1"></line>
								<line number="1002" hits="0"></line>
							</lines>
						</method>
						<method name="containsCouchDBConnectionError" signature="" line-rate="0.6666667" branch-rate="0" complexity="0" line-count="0" line-hits="0">
							<lines>
								<line number="1054" hits="13"></line>
								<line number="1055" hits="0"></line>
								<line number="1058" hits="13"></line>
							</lines>
						</method>
					</methods>
					<lines>
						<line number="82" hits="1"></line>
						<line number="83" hits="1"></line>
						<line number="84" hits="1"></line>
						<line number="85" hits="1"></line>
						<line number="86" hits="1"></line>
						<line number="206" hits="2"></line>
						<line number="712" hits="5"></line>
						<line number="713" hits="5"></line>
						<line number="714" hits="1"></line>
						<line number="715" hits="1"></line>
						<line number="719" hits="5"></line>
						<line number="720" hits="4"></line>
						<line number="721" hits="4"></line>
						<line number="722" hits="4"></line>
						<line number="723" hits="4"></line>
						<line number="729" hits="6"></line>
						<line number="730" hits="6"></line>
						<line number="732" hits="6"></line>
						<line number="735" hits="6"></line>
						<line number="736" hits="6"></line>
						<line number="737" hits="1"></line>
						<line number="738" hits="1"></line>
						<line number="740" hits="5"></line>
						<line number="741" hits="5"></line>
						<line number="742" hits="1"></line>
						<line number="743" hits="1"></line>
						<line number="747" hits="6"></line>
						<line number="753" hits="6"></line>
						<line number="754" hits="6"></line>
						<line number="755" hits="6"></line>
						<line number="756" hits="1"></line>
						<line number="757" hits="1"></line>
						<line number="758" hits="1"></line>
						<line number="761" hits="5"></line>
						<line number="762" hits="5"></line>
						<line number="763" hits="1"></line>
						<line number="764" hits="1"></line>
						<line number="765" hits="1"></line>
						<line number="768" hits="4"></line>
						<line number="770" hits="4"></line>
						<line number="771" hits="4"></line>
						<line number="772" hits="4"></line>
						<line number="773" hits="1"></line>
						<line number="774" hits="1"></line>
						<line number="777" hits="3"></line>
						<line number="779" hits="3"></line>
						<line number="785" hits="3"></line>
						<line number="787" hits="4"></line>
						<line number="788" hits="4"></line>
						<line number="789" hits="0"></line>
						<line number="792" hits="4"></line>
						<line number="796" hits="2"></line>
						<line number="797" hits="2"></line>
						<line number="798" hits="1"></line>
						<line number="800" hits="1"></line>
						<line number="809" hits="1"></line>
						<line number="815" hits="1"></line>
						<line number="816" hits="1"></line>
						<line number="817" hits="1"></line>
						<line number="820" hits="1"></line>
						<line number="821" hits="1"></line>
						<line number="822" hits="1"></line>
						<line number="823" hits="1"></line>
						<line number="824" hits="1"></line>
						<line number="825" hits="0"></line>
						<line number="826" hits="0"></line>
						<line number="830" hits="1"></line>
						<line number="833" hits="2"></line>
						<line number="834" hits="2"></line>
						<line number="835" hits="2"></line>
						<line number="836" hits="1"></line>
						<line number="838" hits="1"></line>
						<line number="839" hits="1"></line>
						<line number="840" hits="1"></line>
						<line number="841" hits="1"></line>
						<line number="843" hits="1"></line>
						<line number="844" hits="1"></line>
						<line number="846" hits="1"></line>
						<line number="847" hits="1"></line>
						<line number="848" hits="0"></line>
						<line number="849" hits="0"></line>
						<line number="850" hits="0"></line>
						<line number="853" hits="1"></line>
						<line number="854" hits="1"></line>
						<line number="855" hits="1"></line>
						<line number="856" hits="1"></line>
						<line number="858" hits="1"></line>
						<line number="859" hits="1"></line>
						<line number="860" hits="0"></line>
						<line number="861" hits="0"></line>
						<line number="862" hits="0"></line>
						<line number="865" hits="1"></line>
						<line number="868" hits="1"></line>
						<line number="869" hits="1"></line>
						<line number="870" hits="0"></line>
						<line number="873" hits="1"></line>
						<line number="874" hits="0"></line>
						<line number="875" hits="0"></line>
						<line number="878" hits="1"></line>
						<line number="879" hits="1"></line>
						<line number="880" hits="0"></line>
						<line number="881" hits="0"></line>
						<line number="882" hits="0"></line>
						<line number="883" hits="0"></line>
						<line number="885" hits="1"></line>
						<line number="886" hits="1"></line>
						<line number="890" hits="1"></line>
						<line number="891" hits="0"></line>
						<line number="893" hits="1"></line>
						<line number="894" hits="1"></line>
						<line number="898" hits="1"></line>
						<line number="901" hits="0"></line>
						<line number="904" hits="1"></line>
						<line number="906" hits="1"></line>
						<line number="910" hits="1"></line>
						<line number="911" hits="1"></line>
						<line number="913" hits="1"></line>
						<line number="914" hits="1"></line>
						<line number="915" hits="0"></line>
						<line number="916" hits="0"></line>
						<line number="917" hits="0"></line>
						<line number="920" hits="1"></line>
						<line number="922" hits="0"></line>
						<line number="923" hits="0"></line>
						<line number="924" hits="0"></line>
						<line number="925" hits="0"></line>
						<line number="926" hits="0"></line>
						<line number="927" hits="0"></line>
						<line number="930" hits="1"></line>
						<line number="931" hits="0"></line>
						<line number="932" hits="0"></line>
						<line number="933" hits="0"></line>
						<line number="936" hits="1"></line>
						<line number="939" hits="1"></line>
						<line number="941" hits="1"></line>
						<line number="942" hits="1"></line>
						<line number="945" hits="1"></line>
						<line number="946" hits="1"></line>
						<line number="947" hits="1"></line>
						<line number="948" hits="1"></line>
						<line number="949" hits="0"></line>
						<line number="958" hits="1"></line>
						<line number="959" hits="1"></line>
						<line number="960" hits="0"></line>
						<line number="961" hits="0"></line>
						<line number="965" hits="1"></line>
						<line number="966" hits="1"></line>
						<line number="967" hits="1"></line>
						<line number="968" hits="0"></line>
						<line number="969" hits="0"></line>
						<line number="972" hits="1"></line>
						<line number="974" hits="1"></line>
						<line number="975" hits="1"></line>
						<line number="976" hits="0"></line>
						<line number="977" hits="0"></line>
						<line number="978" hits="0"></line>
						<line number="981" hits="1"></line>
						<line number="983" hits="0"></line>
						<line number="984" hits="0"></line>
						<line number="985" hits="0"></line>
						<line number="986" hits="0"></line>
						<line number="987" hits="0"></line>
						<line number="989" hits="0"></line>
						<line number="991" hits="1"></line>
						<line number="992" hits="0"></line>
						<line number="993" hits="0"></line>
						<line number="994" hits="0"></line>
						<line number="995" hits="0"></line>
						<line number="996" hits="0"></line>
						<line number="1001" hits="1"></line>
						<line number="1002" hits="0"></line>
						<line number="1054" hits="13"></line>
						<line number="1055" hits="0"></line>
						<line number="1058" hits="13"></line>
					</lines>
				</class>
				<class name="Server" filename="../../internal/store-forward/handler/handler.go" line-rate="0.9106383" branch-rate="0" complexity="0" line-count="235" line-hits="214">
					<methods>
						<method name="PostStore" signature="" line-rate="0.8035714" branch-rate="0" complexity="0" line-count="0" line-hits="0">
							<lines>
								<line number="94" hits="5"></line>
								<line number="95" hits="5"></line>
								<line number="96" hits="5"></line>
								<line number="99" hits="5"></line>
								<line number="100" hits="1"></line>
								<line number="103" hits="5"></line>
								<line number="104" hits="1"></line>
								<line number="105" hits="0"></line>
								<line number="107" hits="1"></line>
								<line number="111" hits="5"></line>
								<line number="112" hits="1"></line>
								<line number="113" hits="0"></line>
								<line number="115" hits="1"></line>
								<line number="119" hits="5"></line>
								<line number="120" hits="0"></line>
								<line number="121" hits="0"></line>
								<line number="123" hits="0"></line>
								<line number="127" hits="5"></line>
								<line number="128" hits="1"></line>
								<line number="129" hits="1"></line>
								<line number="130" hits="1"></line>
								<line number="138" hits="4"></line>
								<line number="139" hits="4"></line>
								<line number="140" hits="0"></line>
								<line number="141" hits="0"></line>
								<line number="142" hits="0"></line>
								<line number="150" hits="4"></line>
								<line number="151" hits="1"></line>
								<line number="152" hits="1"></line>
								<line number="153" hits="1"></line>
								<line number="161" hits="3"></line>
								<line number="162" hits="3"></line>
								<line number="166" hits="3"></line>
								<line number="167" hits="3"></line>
								<line number="168" hits="3"></line>
								<line number="169" hits="0"></line>
								<line number="170" hits="0"></line>
								<line number="171" hits="0"></line>
								<line number="178" hits="3"></line>
								<line number="180" hits="3"></line>
								<line number="191" hits="3"></line>
								<line number="192" hits="3"></line>
								<line number="193" hits="1"></line>
								<line number="194" hits="1"></line>
								<line number="195" hits="1"></line>
								<line number="204" hits="2"></line>
								<line number="205" hits="2"></line>
								<line number="210" hits="2"></line>
								<line number="215" hits="2"></line>
								<line number="216" hits="1"></line>
								<line number="217" hits="1"></line>
								<line number="218" hits="1"></line>
								<line number="227" hits="1"></line>
								<line number="233" hits="1"></line>
								<line number="235" hits="1"></line>
								<line number="236" hits="1"></line>
							</lines>
						</method>
						<method name="GetDataWithRouteSpec" signature="" line-rate="0.9375" branch-rate="0" complexity="0" line-count="0" line-hits="0">
							<lines>
								<line number="250" hits="13"></line>
								<line number="251" hits="13"></line>
								<line number="252" hits="13"></line>
								<line number="255" hits="13"></line>
								<line number="256" hits="1"></line>
								<line number="259" hits="13"></line>
								<line number="260" hits="1"></line>
								<line number="261" hits="0"></line>
								<line number="263" hits="1"></line>
								<line number="267" hits="13"></line>
								<line number="268" hits="1"></line>
								<line number="269" hits="1"></line>
								<line number="270" hits="1"></line>
								<line number="278" hits="12"></line>
								<line number="279" hits="1"></line>
								<line number="280" hits="1"></line>
								<line number="281" hits="1"></line>
								<line number="289" hits="11"></line>
								<line number="291" hits="11"></line>
								<line number="298" hits="11"></line>
								<line number="305" hits="11"></line>
								<line number="306" hits="11"></line>
								<line number="307" hits="11"></line>
								<line number="308" hits="1"></line>
								<line number="309" hits="1"></line>
								<line number="310" hits="1"></line>
								<line number="318" hits="10"></line>
								<line number="320" hits="10"></line>
								<line number="322" hits="5"></line>
								<line number="323" hits="5"></line>
								<line number="324" hits="5"></line>
								<line number="326" hits="5"></line>
								<line number="328" hits="5"></line>
								<line number="329" hits="5"></line>
								<line number="330" hits="5"></line>
								<line number="331" hits="1"></line>
								<line number="332" hits="1"></line>
								<line number="333" hits="1"></line>
								<line number="334" hits="0"></line>
								<line number="341" hits="1"></line>
								<line number="349" hits="4"></line>
								<line number="350" hits="4"></line>
								<line number="351" hits="4"></line>
								<line number="353" hits="9"></line>
								<line number="354" hits="9"></line>
								<line number="355" hits="2"></line>
								<line number="356" hits="2"></line>
								<line number="357" hits="2"></line>
								<line number="363" hits="2"></line>
								<line number="367" hits="7"></line>
								<line number="368" hits="7"></line>
								<line number="369" hits="2"></line>
								<line number="370" hits="2"></line>
								<line number="371" hits="2"></line>
								<line number="377" hits="2"></line>
								<line number="380" hits="5"></line>
								<line number="392" hits="5"></line>
								<line number="393" hits="5"></line>
								<line number="395" hits="4"></line>
								<line number="396" hits="4"></line>
								<line number="397" hits="0"></line>
								<line number="402" hits="4"></line>
								<line number="403" hits="4"></line>
								<line number="405" hits="0"></line>
								<line number="413" hits="5"></line>
								<line number="414" hits="5"></line>
								<line number="415" hits="5"></line>
								<line number="416" hits="5"></line>
								<line number="417" hits="5"></line>
								<line number="418" hits="1"></line>
								<line number="419" hits="1"></line>
								<line number="420" hits="1"></line>
								<line number="421" hits="0"></line>
								<line number="428" hits="1"></line>
								<line number="436" hits="4"></line>
								<line number="437" hits="4"></line>
								<line number="438" hits="4"></line>
								<line number="440" hits="6"></line>
								<line number="441" hits="6"></line>
								<line number="442" hits="2"></line>
								<line number="443" hits="2"></line>
								<line number="444" hits="2"></line>
								<line number="450" hits="2"></line>
								<line number="454" hits="4"></line>
								<line number="455" hits="4"></line>
								<line number="456" hits="2"></line>
								<line number="457" hits="2"></line>
								<line number="458" hits="2"></line>
								<line number="464" hits="2"></line>
								<line number="467" hits="2"></line>
								<line number="478" hits="2"></line>
								<line number="480" hits="4"></line>
								<line number="481" hits="4"></line>
								<line number="482" hits="0"></line>
								<line number="486" hits="8"></line>
								<line number="487" hits="8"></line>
							</lines>
						</method>
						<method name="GetDataWithDataId" signature="" line-rate="0.9512195" branch-rate="0" complexity="0" line-count="0" line-hits="0">
							<lines>
								<line number="500" hits="5"></line>
								<line number="502" hits="5"></line>
								<line number="504" hits="5"></line>
								<line number="505" hits="1"></line>
								<line number="506" hits="1"></line>
								<line number="515" hits="4"></line>
								<line number="516" hits="4"></line>
								<line number="517" hits="10"></line>
								<line number="520" hits="4"></line>
								<line number="526" hits="4"></line>
								<line number="527" hits="4"></line>
								<line number="528" hits="4"></line>
								<line number="529" hits="4"></line>
								<line number="530" hits="4"></line>
								<line number="531" hits="1"></line>
								<line number="532" hits="1"></line>
								<line number="533" hits="1"></line>
								<line number="534" hits="0"></line>
								<line number="542" hits="1"></line>
								<line number="551" hits="3"></line>
								<line number="552" hits="3"></line>
								<line number="553" hits="3"></line>
								<line number="555" hits="9"></line>
								<line number="556" hits="9"></line>
								<line number="557" hits="2"></line>
								<line number="558" hits="2"></line>
								<line number="559" hits="2"></line>
								<line number="565" hits="2"></line>
								<line number="569" hits="7"></line>
								<line number="570" hits="7"></line>
								<line number="571" hits="2"></line>
								<line number="572" hits="2"></line>
								<line number="573" hits="2"></line>
								<line number="579" hits="2"></line>
								<line number="582" hits="5"></line>
								<line number="593" hits="5"></line>
								<line number="595" hits="3"></line>
								<line number="596" hits="3"></line>
								<line number="597" hits="0"></line>
								<line number="600" hits="3"></line>
								<line number="601" hits="3"></line>
							</lines>
						</method>
						<method name="DeleteData" signature="" line-rate="0.9354839" branch-rate="0" complexity="0" line-count="0" line-hits="0">
							<lines>
								<line number="615" hits="5"></line>
								<line number="616" hits="5"></line>
								<line number="619" hits="5"></line>
								<line number="620" hits="1"></line>
								<line number="621" hits="1"></line>
								<line number="622" hits="1"></line>
								<line number="630" hits="4"></line>
								<line number="632" hits="20"></line>
								<line number="633" hits="5"></line>
								<line number="634" hits="5"></line>
								<line number="635" hits="5"></line>
								<line number="642" hits="5"></line>
								<line number="646" hits="15"></line>
								<line number="647" hits="15"></line>
								<line number="648" hits="5"></line>
								<line number="649" hits="5"></line>
								<line number="650" hits="5"></line>
								<line number="651" hits="0"></line>
								<line number="659" hits="5"></line>
								<line number="666" hits="5"></line>
								<line number="669" hits="10"></line>
								<line number="670" hits="5"></line>
								<line number="671" hits="5"></line>
								<line number="672" hits="5"></line>
								<line number="673" hits="0"></line>
								<line number="681" hits="5"></line>
								<line number="688" hits="5"></line>
								<line number="691" hits="5"></line>
								<line number="692" hits="5"></line>
								<line number="701" hits="4"></line>
								<line number="702" hits="4"></line>
							</lines>
						</method>
						<method name="Ping" signature="" line-rate="1" branch-rate="0" complexity="0" line-count="0" line-hits="0">
							<lines>
								<line number="1007" hits="5"></line>
								<line number="1008" hits="1"></line>
								<line number="1016" hits="4"></line>
								<line number="1017" hits="1"></line>
								<line number="1025" hits="3"></line>
								<line number="1026" hits="1"></line>
								<line number="1034" hits="2"></line>
								<line number="1035" hits="2"></line>
								<line number="1036" hits="1"></line>
								<line number="1037" hits="1"></line>
								<line number="1045" hits="1"></line>
							</lines>
						</method>
					</methods>
					<lines>
						<line number="94" hits="5"></line>
						<line number="95" hits="5"></line>
						<line number="96" hits="5"></line>
						<line number="99" hits="5"></line>
						<line number="100" hits="1"></line>
						<line number="103" hits="5"></line>
						<line number="104" hits="1"></line>
						<line number="105" hits="0"></line>
						<line number="107" hits="1"></line>
						<line number="111" hits="5"></line>
						<line number="112" hits="1"></line>
						<line number="113" hits="0"></line>
						<line number="115" hits="1"></line>
						<line number="119" hits="5"></line>
						<line number="120" hits="0"></line>
						<line number="121" hits="0"></line>
						<line number="123" hits="0"></line>
						<line number="127" hits="5"></line>
						<line number="128" hits="1"></line>
						<line number="129" hits="1"></line>
						<line number="130" hits="1"></line>
						<line number="138" hits="4"></line>
						<line number="139" hits="4"></line>
						<line number="140" hits="0"></line>
						<line number="141" hits="0"></line>
						<line number="142" hits="0"></line>
						<line number="150" hits="4"></line>
						<line number="151" hits="1"></line>
						<line number="152" hits="1"></line>
						<line number="153" hits="1"></line>
						<line number="161" hits="3"></line>
						<line number="162" hits="3"></line>
						<line number="166" hits="3"></line>
						<line number="167" hits="3"></line>
						<line number="168" hits="3"></line>
						<line number="169" hits="0"></line>
						<line number="170" hits="0"></line>
						<line number="171" hits="0"></line>
						<line number="178" hits="3"></line>
						<line number="180" hits="3"></line>
						<line number="191" hits="3"></line>
						<line number="192" hits="3"></line>
						<line number="193" hits="1"></line>
						<line number="194" hits="1"></line>
						<line number="195" hits="1"></line>
						<line number="204" hits="2"></line>
						<line number="205" hits="2"></line>
						<line number="210" hits="2"></line>
						<line number="215" hits="2"></line>
						<line number="216" hits="1"></line>
						<line number="217" hits="1"></line>
						<line number="218" hits="1"></line>
						<line number="227" hits="1"></line>
						<line number="233" hits="1"></line>
						<line number="235" hits="1"></line>
						<line number="236" hits="1"></line>
						<line number="250" hits="13"></line>
						<line number="251" hits="13"></line>
						<line number="252" hits="13"></line>
						<line number="255" hits="13"></line>
						<line number="256" hits="1"></line>
						<line number="259" hits="13"></line>
						<line number="260" hits="1"></line>
						<line number="261" hits="0"></line>
						<line number="263" hits="1"></line>
						<line number="267" hits="13"></line>
						<line number="268" hits="1"></line>
						<line number="269" hits="1"></line>
						<line number="270" hits="1"></line>
						<line number="278" hits="12"></line>
						<line number="279" hits="1"></line>
						<line number="280" hits="1"></line>
						<line number="281" hits="1"></line>
						<line number="289" hits="11"></line>
						<line number="291" hits="11"></line>
						<line number="298" hits="11"></line>
						<line number="305" hits="11"></line>
						<line number="306" hits="11"></line>
						<line number="307" hits="11"></line>
						<line number="308" hits="1"></line>
						<line number="309" hits="1"></line>
						<line number="310" hits="1"></line>
						<line number="318" hits="10"></line>
						<line number="320" hits="10"></line>
						<line number="322" hits="5"></line>
						<line number="323" hits="5"></line>
						<line number="324" hits="5"></line>
						<line number="326" hits="5"></line>
						<line number="328" hits="5"></line>
						<line number="329" hits="5"></line>
						<line number="330" hits="5"></line>
						<line number="331" hits="1"></line>
						<line number="332" hits="1"></line>
						<line number="333" hits="1"></line>
						<line number="334" hits="0"></line>
						<line number="341" hits="1"></line>
						<line number="349" hits="4"></line>
						<line number="350" hits="4"></line>
						<line number="351" hits="4"></line>
						<line number="353" hits="9"></line>
						<line number="354" hits="9"></line>
						<line number="355" hits="2"></line>
						<line number="356" hits="2"></line>
						<line number="357" hits="2"></line>
						<line number="363" hits="2"></line>
						<line number="367" hits="7"></line>
						<line number="368" hits="7"></line>
						<line number="369" hits="2"></line>
						<line number="370" hits="2"></line>
						<line number="371" hits="2"></line>
						<line number="377" hits="2"></line>
						<line number="380" hits="5"></line>
						<line number="392" hits="5"></line>
						<line number="393" hits="5"></line>
						<line number="395" hits="4"></line>
						<line number="396" hits="4"></line>
						<line number="397" hits="0"></line>
						<line number="402" hits="4"></line>
						<line number="403" hits="4"></line>
						<line number="405" hits="0"></line>
						<line number="413" hits="5"></line>
						<line number="414" hits="5"></line>
						<line number="415" hits="5"></line>
						<line number="416" hits="5"></line>
						<line number="417" hits="5"></line>
						<line number="418" hits="1"></line>
						<line number="419" hits="1"></line>
						<line number="420" hits="1"></line>
						<line number="421" hits="0"></line>
						<line number="428" hits="1"></line>
						<line number="436" hits="4"></line>
						<line number="437" hits="4"></line>
						<line number="438" hits="4"></line>
						<line number="440" hits="6"></line>
						<line number="441" hits="6"></line>
						<line number="442" hits="2"></line>
						<line number="443" hits="2"></line>
						<line number="444" hits="2"></line>
						<line number="450" hits="2"></line>
						<line number="454" hits="4"></line>
						<line number="455" hits="4"></line>
						<line number="456" hits="2"></line>
						<line number="457" hits="2"></line>
						<line number="458" hits="2"></line>
						<line number="464" hits="2"></line>
						<line number="467" hits="2"></line>
						<line number="478" hits="2"></line>
						<line number="480" hits="4"></line>
						<line number="481" hits="4"></line>
						<line number="482" hits="0"></line>
						<line number="486" hits="8"></line>
						<line number="487" hits="8"></line>
						<line number="500" hits="5"></line>
						<line number="502" hits="5"></line>
						<line number="504" hits="5"></line>
						<line number="505" hits="1"></line>
						<line number="506" hits="1"></line>
						<line number="515" hits="4"></line>
						<line number="516" hits="4"></line>
						<line number="517" hits="10"></line>
						<line number="520" hits="4"></line>
						<line number="526" hits="4"></line>
						<line number="527" hits="4"></line>
						<line number="528" hits="4"></line>
						<line number="529" hits="4"></line>
						<line number="530" hits="4"></line>
						<line number="531" hits="1"></line>
						<line number="532" hits="1"></line>
						<line number="533" hits="1"></line>
						<line number="534" hits="0"></line>
						<line number="542" hits="1"></line>
						<line number="551" hits="3"></line>
						<line number="552" hits="3"></line>
						<line number="553" hits="3"></line>
						<line number="555" hits="9"></line>
						<line number="556" hits="9"></line>
						<line number="557" hits="2"></line>
						<line number="558" hits="2"></line>
						<line number="559" hits="2"></line>
						<line number="565" hits="2"></line>
						<line number="569" hits="7"></line>
						<line number="570" hits="7"></line>
						<line number="571" hits="2"></line>
						<line number="572" hits="2"></line>
						<line number="573" hits="2"></line>
						<line number="579" hits="2"></line>
						<line number="582" hits="5"></line>
						<line number="593" hits="5"></line>
						<line number="595" hits="3"></line>
						<line number="596" hits="3"></line>
						<line number="597" hits="0"></line>
						<line number="600" hits="3"></line>
						<line number="601" hits="3"></line>
						<line number="615" hits="5"></line>
						<line number="616" hits="5"></line>
						<line number="619" hits="5"></line>
						<line number="620" hits="1"></line>
						<line number="621" hits="1"></line>
						<line number="622" hits="1"></line>
						<line number="630" hits="4"></line>
						<line number="632" hits="20"></line>
						<line number="633" hits="5"></line>
						<line number="634" hits="5"></line>
						<line number="635" hits="5"></line>
						<line number="642" hits="5"></line>
						<line number="646" hits="15"></line>
						<line number="647" hits="15"></line>
						<line number="648" hits="5"></line>
						<line number="649" hits="5"></line>
						<line number="650" hits="5"></line>
						<line number="651" hits="0"></line>
						<line number="659" hits="5"></line>
						<line number="666" hits="5"></line>
						<line number="669" hits="10"></line>
						<line number="670" hits="5"></line>
						<line number="671" hits="5"></line>
						<line number="672" hits="5"></line>
						<line number="673" hits="0"></line>
						<line number="681" hits="5"></line>
						<line number="688" hits="5"></line>
						<line number="691" hits="5"></line>
						<line number="692" hits="5"></line>
						<line number="701" hits="4"></line>
						<line number="702" hits="4"></line>
						<line number="1007" hits="5"></line>
						<line number="1008" hits="1"></line>
						<line number="1016" hits="4"></line>
						<line number="1017" hits="1"></line>
						<line number="1025" hits="3"></line>
						<line number="1026" hits="1"></line>
						<line number="1034" hits="2"></line>
						<line number="1035" hits="2"></line>
						<line number="1036" hits="1"></line>
						<line number="1037" hits="1"></line>
						<line number="1045" hits="1"></line>
					</lines>
				</class>
				<class name="-" filename="../../internal/store-forward/handler/init.go" line-rate="0.046511628" branch-rate="0" complexity="0" line-count="43" line-hits="2">
					<methods>
						<method name="StartGRPCServer" signature="" line-rate="0" branch-rate="0" complexity="0" line-count="0" line-hits="0">
							<lines>
								<line number="32" hits="0"></line>
								<line number="33" hits="0"></line>
								<line number="36" hits="0"></line>
								<line number="37" hits="0"></line>
								<line number="38" hits="0"></line>
								<line number="40" hits="0"></line>
								<line number="48" hits="0"></line>
								<line number="51" hits="0"></line>
								<line number="52" hits="0"></line>
								<line number="53" hits="0"></line>
								<line number="57" hits="0"></line>
								<line number="58" hits="0"></line>
								<line number="59" hits="0"></line>
								<line number="61" hits="0"></line>
								<line number="62" hits="0"></line>
								<line number="64" hits="0"></line>
								<line number="65" hits="0"></line>
								<line number="67" hits="0"></line>
								<line number="68" hits="0"></line>
								<line number="70" hits="0"></line>
								<line number="71" hits="0"></line>
								<line number="73" hits="0"></line>
								<line number="75" hits="0"></line>
								<line number="76" hits="0"></line>
								<line number="83" hits="0"></line>
								<line number="86" hits="0"></line>
								<line number="89" hits="0"></line>
								<line number="90" hits="0"></line>
								<line number="91" hits="0"></line>
								<line number="92" hits="0"></line>
								<line number="93" hits="0"></line>
								<line number="95" hits="0"></line>
							</lines>
						</method>
						<method name="@40:8" signature="" line-rate="0" branch-rate="0" complexity="0" line-count="0" line-hits="0">
							<lines>
								<line number="41" hits="0"></line>
								<line number="42" hits="0"></line>
								<line number="43" hits="0"></line>
							</lines>
						</method>
						<method name="IsGRPCStarted" signature="" line-rate="1" branch-rate="0" complexity="0" line-count="0" line-hits="0">
							<lines>
								<line number="99" hits="10"></line>
							</lines>
						</method>
						<method name="SetGRPCStarted" signature="" line-rate="1" branch-rate="0" complexity="0" line-count="0" line-hits="0">
							<lines>
								<line number="103" hits="10"></line>
							</lines>
						</method>
						<method name="GracefulStop" signature="" line-rate="0" branch-rate="0" complexity="0" line-count="0" line-hits="0">
							<lines>
								<line number="107" hits="0"></line>
								<line number="108" hits="0"></line>
								<line number="110" hits="0"></line>
							</lines>
						</method>
						<method name="HardStop" signature="" line-rate="0" branch-rate="0" complexity="0" line-count="0" line-hits="0">
							<lines>
								<line number="114" hits="0"></line>
								<line number="115" hits="0"></line>
								<line number="117" hits="0"></line>
							</lines>
						</method>
					</methods>
					<lines>
						<line number="32" hits="0"></line>
						<line number="33" hits="0"></line>
						<line number="36" hits="0"></line>
						<line number="37" hits="0"></line>
						<line number="38" hits="0"></line>
						<line number="40" hits="0"></line>
						<line number="48" hits="0"></line>
						<line number="51" hits="0"></line>
						<line number="52" hits="0"></line>
						<line number="53" hits="0"></line>
						<line number="57" hits="0"></line>
						<line number="58" hits="0"></line>
						<line number="59" hits="0"></line>
						<line number="61" hits="0"></line>
						<line number="62" hits="0"></line>
						<line number="64" hits="0"></line>
						<line number="65" hits="0"></line>
						<line number="67" hits="0"></line>
						<line number="68" hits="0"></line>
						<line number="70" hits="0"></line>
						<line number="71" hits="0"></line>
						<line number="73" hits="0"></line>
						<line number="75" hits="0"></line>
						<line number="76" hits="0"></line>
						<line number="83" hits="0"></line>
						<line number="86" hits="0"></line>
						<line number="89" hits="0"></line>
						<line number="90" hits="0"></line>
						<line number="91" hits="0"></line>
						<line number="92" hits="0"></line>
						<line number="93" hits="0"></line>
						<line number="95" hits="0"></line>
						<line number="41" hits="0"></line>
						<line number="42" hits="0"></line>
						<line number="43" hits="0"></line>
						<line number="99" hits="10"></line>
						<line number="103" hits="10"></line>
						<line number="107" hits="0"></line>
						<line number="108" hits="0"></line>
						<line number="110" hits="0"></line>
						<line number="114" hits="0"></line>
						<line number="115" hits="0"></line>
						<line number="117" hits="0"></line>
					</lines>
				</class>
			</classes>
		</package>
		<package name="gitlab-edge.eng.hitachivantara.com/pandora/services/store-forward/internal/store-forward/service" line-rate="0.17028986" branch-rate="0" complexity="0" line-count="276" line-hits="47">
			<classes>
				<class name="StoreForwardService" filename="../../internal/store-forward/service/store_forward.go" line-rate="0.15708812" branch-rate="0" complexity="0" line-count="261" line-hits="41">
					<methods>
						<method name="Run" signature="" line-rate="0" branch-rate="0" complexity="0" line-count="0" line-hits="0">
							<lines>
								<line number="132" hits="0"></line>
								<line number="133" hits="0"></line>
								<line number="135" hits="0"></line>
								<line number="136" hits="0"></line>
								<line number="137" hits="0"></line>
								<line number="140" hits="0"></line>
								<line number="142" hits="0"></line>
								<line number="144" hits="0"></line>
								<line number="145" hits="0"></line>
								<line number="146" hits="0"></line>
								<line number="149" hits="0"></line>
								<line number="152" hits="0"></line>
							</lines>
						</method>
						<method name="GenerateRegistryConfiguration" signature="" line-rate="1" branch-rate="0" complexity="0" line-count="0" line-hits="0">
							<lines>
								<line number="156" hits="1"></line>
							</lines>
						</method>
						<method name="GetEndpointsAndWatcherFromRegistry" signature="" line-rate="1" branch-rate="0" complexity="0" line-count="0" line-hits="0">
							<lines>
								<line number="161" hits="3"></line>
								<line number="162" hits="3"></line>
								<line number="163" hits="1"></line>
								<line number="165" hits="2"></line>
								<line number="166" hits="2"></line>
								<line number="167" hits="1"></line>
								<line number="170" hits="1"></line>
							</lines>
						</method>
						<method name="SetWatchOnLabel" signature="" line-rate="0" branch-rate="0" complexity="0" line-count="0" line-hits="0">
							<lines>
								<line number="174" hits="0"></line>
								<line number="175" hits="0"></line>
								<line number="176" hits="0"></line>
								<line number="178" hits="0"></line>
								<line number="181" hits="0"></line>
								<line number="182" hits="0"></line>
							</lines>
						</method>
						<method name="HandleEndpoints" signature="" line-rate="0" branch-rate="0" complexity="0" line-count="0" line-hits="0">
							<lines>
								<line number="187" hits="0"></line>
								<line number="188" hits="0"></line>
								<line number="189" hits="0"></line>
								<line number="190" hits="0"></line>
								<line number="191" hits="0"></line>
								<line number="192" hits="0"></line>
								<line number="194" hits="0"></line>
								<line number="195" hits="0"></line>
								<line number="196" hits="0"></line>
								<line number="198" hits="0"></line>
								<line number="199" hits="0"></line>
								<line number="201" hits="0"></line>
								<line number="202" hits="0"></line>
								<line number="204" hits="0"></line>
								<line number="205" hits="0"></line>
								<line number="207" hits="0"></line>
								<line number="208" hits="0"></line>
								<line number="211" hits="0"></line>
								<line number="213" hits="0"></line>
								<line number="216" hits="0"></line>
								<line number="217" hits="0"></line>
								<line number="218" hits="0"></line>
								<line number="219" hits="0"></line>
								<line number="220" hits="0"></line>
								<line number="222" hits="0"></line>
								<line number="223" hits="0"></line>
								<line number="227" hits="0"></line>
								<line number="228" hits="0"></line>
								<line number="229" hits="0"></line>
								<line number="230" hits="0"></line>
								<line number="232" hits="0"></line>
								<line number="233" hits="0"></line>
								<line number="235" hits="0"></line>
								<line number="236" hits="0"></line>
								<line number="237" hits="0"></line>
								<line number="239" hits="0"></line>
								<line number="240" hits="0"></line>
								<line number="242" hits="0"></line>
								<line number="244" hits="0"></line>
								<line number="245" hits="0"></line>
								<line number="246" hits="0"></line>
								<line number="249" hits="0"></line>
								<line number="250" hits="0"></line>
								<line number="251" hits="0"></line>
								<line number="253" hits="0"></line>
								<line number="256" hits="0"></line>
								<line number="257" hits="0"></line>
								<line number="258" hits="0"></line>
								<line number="259" hits="0"></line>
								<line number="261" hits="0"></line>
								<line number="262" hits="0"></line>
								<line number="264" hits="0"></line>
								<line number="265" hits="0"></line>
								<line number="267" hits="0"></line>
								<line number="269" hits="0"></line>
								<line number="271" hits="0"></line>
								<line number="274" hits="0"></line>
								<line number="275" hits="0"></line>
								<line number="277" hits="0"></line>
								<line number="278" hits="0"></line>
								<line number="279" hits="0"></line>
								<line number="281" hits="0"></line>
								<line number="282" hits="0"></line>
							</lines>
						</method>
						<method name="HandleWatchEvent" signature="" line-rate="0" branch-rate="0" complexity="0" line-count="0" line-hits="0">
							<lines>
								<line number="288" hits="0"></line>
								<line number="289" hits="0"></line>
								<line number="290" hits="0"></line>
								<line number="291" hits="0"></line>
								<line number="293" hits="0"></line>
								<line number="294" hits="0"></line>
								<line number="295" hits="0"></line>
								<line number="296" hits="0"></line>
								<line number="299" hits="0"></line>
								<line number="300" hits="0"></line>
								<line number="301" hits="0"></line>
								<line number="302" hits="0"></line>
								<line number="305" hits="0"></line>
							</lines>
						</method>
						<method name="ParseEndpoints" signature="" line-rate="0" branch-rate="0" complexity="0" line-count="0" line-hits="0">
							<lines>
								<line number="310" hits="0"></line>
								<line number="311" hits="0"></line>
								<line number="312" hits="0"></line>
								<line number="313" hits="0"></line>
								<line number="314" hits="0"></line>
								<line number="315" hits="0"></line>
								<line number="316" hits="0"></line>
								<line number="317" hits="0"></line>
								<line number="318" hits="0"></line>
								<line number="319" hits="0"></line>
								<line number="320" hits="0"></line>
								<line number="321" hits="0"></line>
								<line number="323" hits="0"></line>
								<line number="324" hits="0"></line>
								<line number="325" hits="0"></line>
								<line number="327" hits="0"></line>
								<line number="329" hits="0"></line>
								<line number="330" hits="0"></line>
								<line number="340" hits="0"></line>
								<line number="341" hits="0"></line>
								<line number="342" hits="0"></line>
								<line number="343" hits="0"></line>
								<line number="344" hits="0"></line>
								<line number="345" hits="0"></line>
								<line number="346" hits="0"></line>
								<line number="347" hits="0"></line>
								<line number="348" hits="0"></line>
								<line number="351" hits="0"></line>
								<line number="352" hits="0"></line>
								<line number="353" hits="0"></line>
								<line number="354" hits="0"></line>
								<line number="356" hits="0"></line>
								<line number="357" hits="0"></line>
								<line number="368" hits="0"></line>
								<line number="370" hits="0"></line>
								<line number="372" hits="0"></line>
								<line number="386" hits="0"></line>
								<line number="387" hits="0"></line>
								<line number="390" hits="0"></line>
								<line number="392" hits="0"></line>
								<line number="393" hits="0"></line>
								<line number="413" hits="0"></line>
								<line number="414" hits="0"></line>
								<line number="415" hits="0"></line>
								<line number="418" hits="0"></line>
								<line number="419" hits="0"></line>
								<line number="420" hits="0"></line>
								<line number="421" hits="0"></line>
								<line number="423" hits="0"></line>
								<line number="424" hits="0"></line>
								<line number="425" hits="0"></line>
								<line number="426" hits="0"></line>
								<line number="428" hits="0"></line>
								<line number="429" hits="0"></line>
								<line number="430" hits="0"></line>
								<line number="431" hits="0"></line>
								<line number="433" hits="0"></line>
								<line number="434" hits="0"></line>
								<line number="435" hits="0"></line>
								<line number="436" hits="0"></line>
								<line number="438" hits="0"></line>
								<line number="439" hits="0"></line>
								<line number="440" hits="0"></line>
								<line number="442" hits="0"></line>
								<line number="443" hits="0"></line>
								<line number="444" hits="0"></line>
								<line number="447" hits="0"></line>
								<line number="448" hits="0"></line>
								<line number="449" hits="0"></line>
								<line number="471" hits="0"></line>
								<line number="472" hits="0"></line>
								<line number="473" hits="0"></line>
								<line number="474" hits="0"></line>
								<line number="475" hits="0"></line>
								<line number="477" hits="0"></line>
								<line number="478" hits="0"></line>
								<line number="479" hits="0"></line>
								<line number="481" hits="0"></line>
								<line number="482" hits="0"></line>
								<line number="485" hits="0"></line>
								<line number="487" hits="0"></line>
								<line number="492" hits="0"></line>
							</lines>
						</method>
						<method name="ConnectToCouch" signature="" line-rate="1" branch-rate="0" complexity="0" line-count="0" line-hits="0">
							<lines>
								<line number="503" hits="2"></line>
								<line number="504" hits="3"></line>
								<line number="505" hits="3"></line>
								<line number="506" hits="1"></line>
								<line number="507" hits="1"></line>
								<line number="508" hits="1"></line>
								<line number="510" hits="2"></line>
								<line number="511" hits="2"></line>
							</lines>
						</method>
						<method name="ConnectToAMQP" signature="" line-rate="0" branch-rate="0" complexity="0" line-count="0" line-hits="0">
							<lines>
								<line number="517" hits="0"></line>
								<line number="520" hits="0"></line>
								<line number="521" hits="0"></line>
								<line number="522" hits="0"></line>
								<line number="523" hits="0"></line>
								<line number="524" hits="0"></line>
								<line number="525" hits="0"></line>
								<line number="526" hits="0"></line>
								<line number="528" hits="0"></line>
								<line number="529" hits="0"></line>
								<line number="530" hits="0"></line>
							</lines>
						</method>
						<method name="ConnectToMqtt" signature="" line-rate="1" branch-rate="0" complexity="0" line-count="0" line-hits="0">
							<lines>
								<line number="536" hits="1"></line>
								<line number="539" hits="1"></line>
								<line number="540" hits="2"></line>
								<line number="541" hits="2"></line>
								<line number="542" hits="2"></line>
								<line number="543" hits="1"></line>
								<line number="544" hits="1"></line>
								<line number="545" hits="1"></line>
								<line number="546" hits="1"></line>
								<line number="548" hits="1"></line>
								<line number="549" hits="1"></line>
								<line number="550" hits="1"></line>
							</lines>
						</method>
						<method name="ConnectToGRPC" signature="" line-rate="0" branch-rate="0" complexity="0" line-count="0" line-hits="0">
							<lines>
								<line number="557" hits="0"></line>
								<line number="559" hits="0"></line>
								<line number="563" hits="0"></line>
								<line number="564" hits="0"></line>
								<line number="565" hits="0"></line>
								<line number="566" hits="0"></line>
								<line number="567" hits="0"></line>
								<line number="568" hits="0"></line>
								<line number="570" hits="0"></line>
								<line number="571" hits="0"></line>
								<line number="573" hits="0"></line>
							</lines>
						</method>
						<method name="GetCouchConfiguration" signature="" line-rate="1" branch-rate="0" complexity="0" line-count="0" line-hits="0">
							<lines>
								<line number="579" hits="1"></line>
							</lines>
						</method>
						<method name="SetCouchConfiguration" signature="" line-rate="1" branch-rate="0" complexity="0" line-count="0" line-hits="0">
							<lines>
								<line number="583" hits="3"></line>
							</lines>
						</method>
						<method name="GetAmqpConfiguration" signature="" line-rate="0" branch-rate="0" complexity="0" line-count="0" line-hits="0">
							<lines>
								<line number="587" hits="0"></line>
							</lines>
						</method>
						<method name="SetAmqpConfiguration" signature="" line-rate="0" branch-rate="0" complexity="0" line-count="0" line-hits="0">
							<lines>
								<line number="591" hits="0"></line>
							</lines>
						</method>
						<method name="GetGRPCParameters" signature="" line-rate="1" branch-rate="0" complexity="0" line-count="0" line-hits="0">
							<lines>
								<line number="595" hits="1"></line>
							</lines>
						</method>
						<method name="SetGRPCParameters" signature="" line-rate="1" branch-rate="0" complexity="0" line-count="0" line-hits="0">
							<lines>
								<line number="599" hits="1"></line>
							</lines>
						</method>
						<method name="GetMqttParameters" signature="" line-rate="0" branch-rate="0" complexity="0" line-count="0" line-hits="0">
							<lines>
								<line number="603" hits="0"></line>
							</lines>
						</method>
						<method name="SetMqttParameters" signature="" line-rate="0" branch-rate="0" complexity="0" line-count="0" line-hits="0">
							<lines>
								<line number="607" hits="0"></line>
							</lines>
						</method>
						<method name="GetRegistryClient" signature="" line-rate="1" branch-rate="0" complexity="0" line-count="0" line-hits="0">
							<lines>
								<line number="611" hits="1"></line>
							</lines>
						</method>
						<method name="SetRegistryClient" signature="" line-rate="1" branch-rate="0" complexity="0" line-count="0" line-hits="0">
							<lines>
								<line number="615" hits="4"></line>
							</lines>
						</method>
						<method name="GetConfiguration" signature="" line-rate="1" branch-rate="0" complexity="0" line-count="0" line-hits="0">
							<lines>
								<line number="619" hits="1"></line>
							</lines>
						</method>
						<method name="SetConfiguration" signature="" line-rate="1" branch-rate="0" complexity="0" line-count="0" line-hits="0">
							<lines>
								<line number="623" hits="4"></line>
							</lines>
						</method>
						<method name="IsMqttStarted" signature="" line-rate="1" branch-rate="0" complexity="0" line-count="0" line-hits="0">
							<lines>
								<line number="627" hits="2"></line>
							</lines>
						</method>
						<method name="SetMqttStarted" signature="" line-rate="1" branch-rate="0" complexity="0" line-count="0" line-hits="0">
							<lines>
								<line number="631" hits="3"></line>
							</lines>
						</method>
						<method name="IsAmqpStarted" signature="" line-rate="0" branch-rate="0" complexity="0" line-count="0" line-hits="0">
							<lines>
								<line number="635" hits="0"></line>
							</lines>
						</method>
						<method name="SetAmqpStarted" signature="" line-rate="0" branch-rate="0" complexity="0" line-count="0" line-hits="0">
							<lines>
								<line number="639" hits="0"></line>
							</lines>
						</method>
						<method name="GracefulStopMqtt" signature="" line-rate="0.4" branch-rate="0" complexity="0" line-count="0" line-hits="0">
							<lines>
								<line number="643" hits="1"></line>
								<line number="644" hits="0"></line>
								<line number="645" hits="0"></line>
								<line number="646" hits="0"></line>
								<line number="649" hits="1"></line>
							</lines>
						</method>
						<method name="GracefulStopAmqp" signature="" line-rate="0" branch-rate="0" complexity="0" line-count="0" line-hits="0">
							<lines>
								<line number="653" hits="0"></line>
								<line number="654" hits="0"></line>
								<line number="655" hits="0"></line>
								<line number="656" hits="0"></line>
								<line number="659" hits="0"></line>
							</lines>
						</method>
						<method name="GracefulStopGRPC" signature="" line-rate="0" branch-rate="0" complexity="0" line-count="0" line-hits="0">
							<lines>
								<line number="664" hits="0"></line>
							</lines>
						</method>
						<method name="GracefulStopService" signature="" line-rate="0" branch-rate="0" complexity="0" line-count="0" line-hits="0">
							<lines>
								<line number="668" hits="0"></line>
								<line number="669" hits="0"></line>
								<line number="670" hits="0"></line>
								<line number="671" hits="0"></line>
							</lines>
						</method>
						<method name="GetShutdownFlag" signature="" line-rate="1" branch-rate="0" complexity="0" line-count="0" line-hits="0">
							<lines>
								<line number="675" hits="5"></line>
							</lines>
						</method>
						<method name="SetShutdownFlag" signature="" line-rate="0" branch-rate="0" complexity="0" line-count="0" line-hits="0">
							<lines>
								<line number="679" hits="0"></line>
							</lines>
						</method>
						<method name="GetProfiles" signature="" line-rate="0" branch-rate="0" complexity="0" line-count="0" line-hits="0">
							<lines>
								<line number="683" hits="0"></line>
							</lines>
						</method>
						<method name="SetProfiles" signature="" line-rate="0" branch-rate="0" complexity="0" line-count="0" line-hits="0">
							<lines>
								<line number="687" hits="0"></line>
							</lines>
						</method>
					</methods>
					<lines>
						<line number="132" hits="0"></line>
						<line number="133" hits="0"></line>
						<line number="135" hits="0"></line>
						<line number="136" hits="0"></line>
						<line number="137" hits="0"></line>
						<line number="140" hits="0"></line>
						<line number="142" hits="0"></line>
						<line number="144" hits="0"></line>
						<line number="145" hits="0"></line>
						<line number="146" hits="0"></line>
						<line number="149" hits="0"></line>
						<line number="152" hits="0"></line>
						<line number="156" hits="1"></line>
						<line number="161" hits="3"></line>
						<line number="162" hits="3"></line>
						<line number="163" hits="1"></line>
						<line number="165" hits="2"></line>
						<line number="166" hits="2"></line>
						<line number="167" hits="1"></line>
						<line number="170" hits="1"></line>
						<line number="174" hits="0"></line>
						<line number="175" hits="0"></line>
						<line number="176" hits="0"></line>
						<line number="178" hits="0"></line>
						<line number="181" hits="0"></line>
						<line number="182" hits="0"></line>
						<line number="187" hits="0"></line>
						<line number="188" hits="0"></line>
						<line number="189" hits="0"></line>
						<line number="190" hits="0"></line>
						<line number="191" hits="0"></line>
						<line number="192" hits="0"></line>
						<line number="194" hits="0"></line>
						<line number="195" hits="0"></line>
						<line number="196" hits="0"></line>
						<line number="198" hits="0"></line>
						<line number="199" hits="0"></line>
						<line number="201" hits="0"></line>
						<line number="202" hits="0"></line>
						<line number="204" hits="0"></line>
						<line number="205" hits="0"></line>
						<line number="207" hits="0"></line>
						<line number="208" hits="0"></line>
						<line number="211" hits="0"></line>
						<line number="213" hits="0"></line>
						<line number="216" hits="0"></line>
						<line number="217" hits="0"></line>
						<line number="218" hits="0"></line>
						<line number="219" hits="0"></line>
						<line number="220" hits="0"></line>
						<line number="222" hits="0"></line>
						<line number="223" hits="0"></line>
						<line number="227" hits="0"></line>
						<line number="228" hits="0"></line>
						<line number="229" hits="0"></line>
						<line number="230" hits="0"></line>
						<line number="232" hits="0"></line>
						<line number="233" hits="0"></line>
						<line number="235" hits="0"></line>
						<line number="236" hits="0"></line>
						<line number="237" hits="0"></line>
						<line number="239" hits="0"></line>
						<line number="240" hits="0"></line>
						<line number="242" hits="0"></line>
						<line number="244" hits="0"></line>
						<line number="245" hits="0"></line>
						<line number="246" hits="0"></line>
						<line number="249" hits="0"></line>
						<line number="250" hits="0"></line>
						<line number="251" hits="0"></line>
						<line number="253" hits="0"></line>
						<line number="256" hits="0"></line>
						<line number="257" hits="0"></line>
						<line number="258" hits="0"></line>
						<line number="259" hits="0"></line>
						<line number="261" hits="0"></line>
						<line number="262" hits="0"></line>
						<line number="264" hits="0"></line>
						<line number="265" hits="0"></line>
						<line number="267" hits="0"></line>
						<line number="269" hits="0"></line>
						<line number="271" hits="0"></line>
						<line number="274" hits="0"></line>
						<line number="275" hits="0"></line>
						<line number="277" hits="0"></line>
						<line number="278" hits="0"></line>
						<line number="279" hits="0"></line>
						<line number="281" hits="0"></line>
						<line number="282" hits="0"></line>
						<line number="288" hits="0"></line>
						<line number="289" hits="0"></line>
						<line number="290" hits="0"></line>
						<line number="291" hits="0"></line>
						<line number="293" hits="0"></line>
						<line number="294" hits="0"></line>
						<line number="295" hits="0"></line>
						<line number="296" hits="0"></line>
						<line number="299" hits="0"></line>
						<line number="300" hits="0"></line>
						<line number="301" hits="0"></line>
						<line number="302" hits="0"></line>
						<line number="305" hits="0"></line>
						<line number="310" hits="0"></line>
						<line number="311" hits="0"></line>
						<line number="312" hits="0"></line>
						<line number="313" hits="0"></line>
						<line number="314" hits="0"></line>
						<line number="315" hits="0"></line>
						<line number="316" hits="0"></line>
						<line number="317" hits="0"></line>
						<line number="318" hits="0"></line>
						<line number="319" hits="0"></line>
						<line number="320" hits="0"></line>
						<line number="321" hits="0"></line>
						<line number="323" hits="0"></line>
						<line number="324" hits="0"></line>
						<line number="325" hits="0"></line>
						<line number="327" hits="0"></line>
						<line number="329" hits="0"></line>
						<line number="330" hits="0"></line>
						<line number="340" hits="0"></line>
						<line number="341" hits="0"></line>
						<line number="342" hits="0"></line>
						<line number="343" hits="0"></line>
						<line number="344" hits="0"></line>
						<line number="345" hits="0"></line>
						<line number="346" hits="0"></line>
						<line number="347" hits="0"></line>
						<line number="348" hits="0"></line>
						<line number="351" hits="0"></line>
						<line number="352" hits="0"></line>
						<line number="353" hits="0"></line>
						<line number="354" hits="0"></line>
						<line number="356" hits="0"></line>
						<line number="357" hits="0"></line>
						<line number="368" hits="0"></line>
						<line number="370" hits="0"></line>
						<line number="372" hits="0"></line>
						<line number="386" hits="0"></line>
						<line number="387" hits="0"></line>
						<line number="390" hits="0"></line>
						<line number="392" hits="0"></line>
						<line number="393" hits="0"></line>
						<line number="413" hits="0"></line>
						<line number="414" hits="0"></line>
						<line number="415" hits="0"></line>
						<line number="418" hits="0"></line>
						<line number="419" hits="0"></line>
						<line number="420" hits="0"></line>
						<line number="421" hits="0"></line>
						<line number="423" hits="0"></line>
						<line number="424" hits="0"></line>
						<line number="425" hits="0"></line>
						<line number="426" hits="0"></line>
						<line number="428" hits="0"></line>
						<line number="429" hits="0"></line>
						<line number="430" hits="0"></line>
						<line number="431" hits="0"></line>
						<line number="433" hits="0"></line>
						<line number="434" hits="0"></line>
						<line number="435" hits="0"></line>
						<line number="436" hits="0"></line>
						<line number="438" hits="0"></line>
						<line number="439" hits="0"></line>
						<line number="440" hits="0"></line>
						<line number="442" hits="0"></line>
						<line number="443" hits="0"></line>
						<line number="444" hits="0"></line>
						<line number="447" hits="0"></line>
						<line number="448" hits="0"></line>
						<line number="449" hits="0"></line>
						<line number="471" hits="0"></line>
						<line number="472" hits="0"></line>
						<line number="473" hits="0"></line>
						<line number="474" hits="0"></line>
						<line number="475" hits="0"></line>
						<line number="477" hits="0"></line>
						<line number="478" hits="0"></line>
						<line number="479" hits="0"></line>
						<line number="481" hits="0"></line>
						<line number="482" hits="0"></line>
						<line number="485" hits="0"></line>
						<line number="487" hits="0"></line>
						<line number="492" hits="0"></line>
						<line number="503" hits="2"></line>
						<line number="504" hits="3"></line>
						<line number="505" hits="3"></line>
						<line number="506" hits="1"></line>
						<line number="507" hits="1"></line>
						<line number="508" hits="1"></line>
						<line number="510" hits="2"></line>
						<line number="511" hits="2"></line>
						<line number="517" hits="0"></line>
						<line number="520" hits="0"></line>
						<line number="521" hits="0"></line>
						<line number="522" hits="0"></line>
						<line number="523" hits="0"></line>
						<line number="524" hits="0"></line>
						<line number="525" hits="0"></line>
						<line number="526" hits="0"></line>
						<line number="528" hits="0"></line>
						<line number="529" hits="0"></line>
						<line number="530" hits="0"></line>
						<line number="536" hits="1"></line>
						<line number="539" hits="1"></line>
						<line number="540" hits="2"></line>
						<line number="541" hits="2"></line>
						<line number="542" hits="2"></line>
						<line number="543" hits="1"></line>
						<line number="544" hits="1"></line>
						<line number="545" hits="1"></line>
						<line number="546" hits="1"></line>
						<line number="548" hits="1"></line>
						<line number="549" hits="1"></line>
						<line number="550" hits="1"></line>
						<line number="557" hits="0"></line>
						<line number="559" hits="0"></line>
						<line number="563" hits="0"></line>
						<line number="564" hits="0"></line>
						<line number="565" hits="0"></line>
						<line number="566" hits="0"></line>
						<line number="567" hits="0"></line>
						<line number="568" hits="0"></line>
						<line number="570" hits="0"></line>
						<line number="571" hits="0"></line>
						<line number="573" hits="0"></line>
						<line number="579" hits="1"></line>
						<line number="583" hits="3"></line>
						<line number="587" hits="0"></line>
						<line number="591" hits="0"></line>
						<line number="595" hits="1"></line>
						<line number="599" hits="1"></line>
						<line number="603" hits="0"></line>
						<line number="607" hits="0"></line>
						<line number="611" hits="1"></line>
						<line number="615" hits="4"></line>
						<line number="619" hits="1"></line>
						<line number="623" hits="4"></line>
						<line number="627" hits="2"></line>
						<line number="631" hits="3"></line>
						<line number="635" hits="0"></line>
						<line number="639" hits="0"></line>
						<line number="643" hits="1"></line>
						<line number="644" hits="0"></line>
						<line number="645" hits="0"></line>
						<line number="646" hits="0"></line>
						<line number="649" hits="1"></line>
						<line number="653" hits="0"></line>
						<line number="654" hits="0"></line>
						<line number="655" hits="0"></line>
						<line number="656" hits="0"></line>
						<line number="659" hits="0"></line>
						<line number="664" hits="0"></line>
						<line number="668" hits="0"></line>
						<line number="669" hits="0"></line>
						<line number="670" hits="0"></line>
						<line number="671" hits="0"></line>
						<line number="675" hits="5"></line>
						<line number="679" hits="0"></line>
						<line number="683" hits="0"></line>
						<line number="687" hits="0"></line>
					</lines>
				</class>
				<class name="-" filename="../../internal/store-forward/service/store_forward.go" line-rate="0.4" branch-rate="0" complexity="0" line-count="15" line-hits="6">
					<methods>
						<method name="init" signature="" line-rate="1" branch-rate="0" complexity="0" line-count="0" line-hits="0">
							<lines>
								<line number="117" hits="1"></line>
								<line number="118" hits="1"></line>
								<line number="119" hits="1"></line>
							</lines>
						</method>
						<method name="NewStoreForwardService" signature="" line-rate="1" branch-rate="0" complexity="0" line-count="0" line-hits="0">
							<lines>
								<line number="123" hits="15"></line>
								<line number="127" hits="15"></line>
								<line number="128" hits="15"></line>
							</lines>
						</method>
						<method name="@403:26" signature="" line-rate="NaN" branch-rate="0" complexity="0" line-count="0" line-hits="0">
							<lines></lines>
						</method>
						<method name="@404:31" signature="" line-rate="0" branch-rate="0" complexity="0" line-count="0" line-hits="0">
							<lines>
								<line number="405" hits="0"></line>
								<line number="406" hits="0"></line>
								<line number="407" hits="0"></line>
								<line number="408" hits="0"></line>
							</lines>
						</method>
						<method name="@459:26" signature="" line-rate="0" branch-rate="0" complexity="0" line-count="0" line-hits="0">
							<lines>
								<line number="460" hits="0"></line>
							</lines>
						</method>
						<method name="@462:31" signature="" line-rate="0" branch-rate="0" complexity="0" line-count="0" line-hits="0">
							<lines>
								<line number="463" hits="0"></line>
								<line number="464" hits="0"></line>
								<line number="465" hits="0"></line>
								<line number="466" hits="0"></line>
							</lines>
						</method>
					</methods>
					<lines>
						<line number="117" hits="1"></line>
						<line number="118" hits="1"></line>
						<line number="119" hits="1"></line>
						<line number="123" hits="15"></line>
						<line number="127" hits="15"></line>
						<line number="128" hits="15"></line>
						<line number="405" hits="0"></line>
						<line number="406" hits="0"></line>
						<line number="407" hits="0"></line>
						<line number="408" hits="0"></line>
						<line number="460" hits="0"></line>
						<line number="463" hits="0"></line>
						<line number="464" hits="0"></line>
						<line number="465" hits="0"></line>
						<line number="466" hits="0"></line>
					</lines>
				</class>
			</classes>
		</package>
		<package name="gitlab-edge.eng.hitachivantara.com/pandora/services/store-forward/pkg/store-forward-client/store-forward" line-rate="0.8469388" branch-rate="0" complexity="0" line-count="98" line-hits="83">
			<classes>
				<class name="-" filename="../../pkg/store-forward-client/store-forward/store_forward.go" line-rate="1" branch-rate="0" complexity="0" line-count="3" line-hits="3">
					<methods>
						<method name="New" signature="" line-rate="1" branch-rate="0" complexity="0" line-count="0" line-hits="0">
							<lines>
								<line number="34" hits="17"></line>
								<line number="35" hits="17"></line>
								<line number="36" hits="17"></line>
							</lines>
						</method>
					</methods>
					<lines>
						<line number="34" hits="17"></line>
						<line number="35" hits="17"></line>
						<line number="36" hits="17"></line>
					</lines>
				</class>
				<class name="StoreForward" filename="../../pkg/store-forward-client/store-forward/store_forward.go" line-rate="0.84210527" branch-rate="0" complexity="0" line-count="95" line-hits="80">
					<methods>
						<method name="Connect" signature="" line-rate="0.9166667" branch-rate="0" complexity="0" line-count="0" line-hits="0">
							<lines>
								<line number="42" hits="6"></line>
								<line number="45" hits="6"></line>
								<line number="46" hits="6"></line>
								<line number="47" hits="1"></line>
								<line number="48" hits="1"></line>
								<line number="51" hits="5"></line>
								<line number="53" hits="5"></line>
								<line number="55" hits="5"></line>
								<line number="56" hits="5"></line>
								<line number="57" hits="0"></line>
								<line number="61" hits="5"></line>
								<line number="62" hits="5"></line>
								<line number="63" hits="5"></line>
								<line number="64" hits="5"></line>
								<line number="66" hits="1"></line>
								<line number="67" hits="1"></line>
								<line number="69" hits="1"></line>
								<line number="70" hits="1"></line>
								<line number="72" hits="1"></line>
								<line number="73" hits="1"></line>
								<line number="75" hits="1"></line>
								<line number="76" hits="1"></line>
								<line number="79" hits="1"></line>
								<line number="82" hits="5"></line>
								<line number="83" hits="4"></line>
								<line number="84" hits="4"></line>
								<line number="88" hits="5"></line>
								<line number="90" hits="5"></line>
								<line number="92" hits="5"></line>
								<line number="93" hits="5"></line>
								<line number="94" hits="0"></line>
								<line number="95" hits="0"></line>
								<line number="97" hits="5"></line>
								<line number="100" hits="5"></line>
								<line number="101" hits="5"></line>
								<line number="103" hits="5"></line>
							</lines>
						</method>
						<method name="NewClientTLSFromFile" signature="" line-rate="0.85714287" branch-rate="0" complexity="0" line-count="0" line-hits="0">
							<lines>
								<line number="112" hits="6"></line>
								<line number="113" hits="6"></line>
								<line number="114" hits="1"></line>
								<line number="118" hits="5"></line>
								<line number="121" hits="5"></line>
								<line number="122" hits="0"></line>
								<line number="126" hits="5"></line>
							</lines>
						</method>
						<method name="PostStore" signature="" line-rate="1" branch-rate="0" complexity="0" line-count="0" line-hits="0">
							<lines>
								<line number="131" hits="2"></line>
								<line number="133" hits="2"></line>
								<line number="134" hits="2"></line>
								<line number="135" hits="1"></line>
								<line number="136" hits="1"></line>
								<line number="139" hits="1"></line>
							</lines>
						</method>
						<method name="GetDataWithRouteSpec" signature="" line-rate="1" branch-rate="0" complexity="0" line-count="0" line-hits="0">
							<lines>
								<line number="144" hits="2"></line>
								<line number="146" hits="2"></line>
								<line number="147" hits="2"></line>
								<line number="148" hits="1"></line>
								<line number="149" hits="1"></line>
								<line number="152" hits="1"></line>
							</lines>
						</method>
						<method name="GetDataWithDataId" signature="" line-rate="1" branch-rate="0" complexity="0" line-count="0" line-hits="0">
							<lines>
								<line number="157" hits="2"></line>
								<line number="159" hits="2"></line>
								<line number="160" hits="2"></line>
								<line number="161" hits="1"></line>
								<line number="162" hits="1"></line>
								<line number="165" hits="1"></line>
							</lines>
						</method>
						<method name="DeleteData" signature="" line-rate="1" branch-rate="0" complexity="0" line-count="0" line-hits="0">
							<lines>
								<line number="170" hits="2"></line>
								<line number="172" hits="2"></line>
								<line number="173" hits="2"></line>
								<line number="174" hits="1"></line>
								<line number="175" hits="1"></line>
								<line number="178" hits="1"></line>
							</lines>
						</method>
						<method name="Ping" signature="" line-rate="1" branch-rate="0" complexity="0" line-count="0" line-hits="0">
							<lines>
								<line number="183" hits="2"></line>
								<line number="185" hits="2"></line>
								<line number="186" hits="2"></line>
								<line number="187" hits="1"></line>
								<line number="188" hits="1"></line>
								<line number="191" hits="1"></line>
							</lines>
						</method>
						<method name="GetGRPCConnection" signature="" line-rate="1" branch-rate="0" complexity="0" line-count="0" line-hits="0">
							<lines>
								<line number="196" hits="12"></line>
							</lines>
						</method>
						<method name="SetGRPCConnection" signature="" line-rate="1" branch-rate="0" complexity="0" line-count="0" line-hits="0">
							<lines>
								<line number="201" hits="5"></line>
							</lines>
						</method>
						<method name="GetGRPCCreds" signature="" line-rate="1" branch-rate="0" complexity="0" line-count="0" line-hits="0">
							<lines>
								<line number="206" hits="6"></line>
							</lines>
						</method>
						<method name="SetGRPCCreds" signature="" line-rate="1" branch-rate="0" complexity="0" line-count="0" line-hits="0">
							<lines>
								<line number="211" hits="5"></line>
							</lines>
						</method>
						<method name="GetGRPCConfig" signature="" line-rate="1" branch-rate="0" complexity="0" line-count="0" line-hits="0">
							<lines>
								<line number="216" hits="6"></line>
							</lines>
						</method>
						<method name="SetGRPCConfig" signature="" line-rate="1" branch-rate="0" complexity="0" line-count="0" line-hits="0">
							<lines>
								<line number="221" hits="22"></line>
							</lines>
						</method>
						<method name="GetGRPCClient" signature="" line-rate="1" branch-rate="0" complexity="0" line-count="0" line-hits="0">
							<lines>
								<line number="226" hits="15"></line>
							</lines>
						</method>
						<method name="SetGRPCClient" signature="" line-rate="1" branch-rate="0" complexity="0" line-count="0" line-hits="0">
							<lines>
								<line number="231" hits="22"></line>
							</lines>
						</method>
						<method name="Close" signature="" line-rate="0.42857143" branch-rate="0" complexity="0" line-count="0" line-hits="0">
							<lines>
								<line number="236" hits="6"></line>
								<line number="239" hits="6"></line>
								<line number="240" hits="0"></line>
								<line number="241" hits="0"></line>
								<line number="242" hits="0"></line>
								<line number="243" hits="0"></line>
								<line number="247" hits="6"></line>
							</lines>
						</method>
						<method name="RetryGRPCConnection" signature="" line-rate="0" branch-rate="0" complexity="0" line-count="0" line-hits="0">
							<lines>
								<line number="252" hits="0"></line>
								<line number="253" hits="0"></line>
								<line number="254" hits="0"></line>
								<line number="257" hits="0"></line>
								<line number="262" hits="0"></line>
								<line number="267" hits="0"></line>
								<line number="269" hits="0"></line>
							</lines>
						</method>
					</methods>
					<lines>
						<line number="42" hits="6"></line>
						<line number="45" hits="6"></line>
						<line number="46" hits="6"></line>
						<line number="47" hits="1"></line>
						<line number="48" hits="1"></line>
						<line number="51" hits="5"></line>
						<line number="53" hits="5"></line>
						<line number="55" hits="5"></line>
						<line number="56" hits="5"></line>
						<line number="57" hits="0"></line>
						<line number="61" hits="5"></line>
						<line number="62" hits="5"></line>
						<line number="63" hits="5"></line>
						<line number="64" hits="5"></line>
						<line number="66" hits="1"></line>
						<line number="67" hits="1"></line>
						<line number="69" hits="1"></line>
						<line number="70" hits="1"></line>
						<line number="72" hits="1"></line>
						<line number="73" hits="1"></line>
						<line number="75" hits="1"></line>
						<line number="76" hits="1"></line>
						<line number="79" hits="1"></line>
						<line number="82" hits="5"></line>
						<line number="83" hits="4"></line>
						<line number="84" hits="4"></line>
						<line number="88" hits="5"></line>
						<line number="90" hits="5"></line>
						<line number="92" hits="5"></line>
						<line number="93" hits="5"></line>
						<line number="94" hits="0"></line>
						<line number="95" hits="0"></line>
						<line number="97" hits="5"></line>
						<line number="100" hits="5"></line>
						<line number="101" hits="5"></line>
						<line number="103" hits="5"></line>
						<line number="112" hits="6"></line>
						<line number="113" hits="6"></line>
						<line number="114" hits="1"></line>
						<line number="118" hits="5"></line>
						<line number="121" hits="5"></line>
						<line number="122" hits="0"></line>
						<line number="126" hits="5"></line>
						<line number="131" hits="2"></line>
						<line number="133" hits="2"></line>
						<line number="134" hits="2"></line>
						<line number="135" hits="1"></line>
						<line number="136" hits="1"></line>
						<line number="139" hits="1"></line>
						<line number="144" hits="2"></line>
						<line number="146" hits="2"></line>
						<line number="147" hits="2"></line>
						<line number="148" hits="1"></line>
						<line number="149" hits="1"></line>
						<line number="152" hits="1"></line>
						<line number="157" hits="2"></line>
						<line number="159" hits="2"></line>
						<line number="160" hits="2"></line>
						<line number="161" hits="1"></line>
						<line number="162" hits="1"></line>
						<line number="165" hits="1"></line>
						<line number="170" hits="2"></line>
						<line number="172" hits="2"></line>
						<line number="173" hits="2"></line>
						<line number="174" hits="1"></line>
						<line number="175" hits="1"></line>
						<line number="178" hits="1"></line>
						<line number="183" hits="2"></line>
						<line number="185" hits="2"></line>
						<line number="186" hits="2"></line>
						<line number="187" hits="1"></line>
						<line number="188" hits="1"></line>
						<line number="191" hits="1"></line>
						<line number="196" hits="12"></line>
						<line number="201" hits="5"></line>
						<line number="206" hits="6"></line>
						<line number="211" hits="5"></line>
						<line number="216" hits="6"></line>
						<line number="221" hits="22"></line>
						<line number="226" hits="15"></line>
						<line number="231" hits="22"></line>
						<line number="236" hits="6"></line>
						<line number="239" hits="6"></line>
						<line number="240" hits="0"></line>
						<line number="241" hits="0"></line>
						<line number="242" hits="0"></line>
						<line number="243" hits="0"></line>
						<line number="247" hits="6"></line>
						<line number="252" hits="0"></line>
						<line number="253" hits="0"></line>
						<line number="254" hits="0"></line>
						<line number="257" hits="0"></line>
						<line number="262" hits="0"></line>
						<line number="267" hits="0"></line>
						<line number="269" hits="0"></line>
					</lines>
				</class>
			</classes>
		</package>
	</packages>
	<sources>
		<source>/go/src/gitlab-edge.eng.hitachivantara.com/pandora/services/store-forward/test/output</source>
	</sources>
</coverage>
